[2017-05-05 17:38:30.782] [INFO] mabuseFire - beginning Lacma Request/parse
[2017-05-05 17:38:36.103] [INFO] mabuseFire - RESULT ARRAY
[2017-05-05 17:38:36.105] [INFO] mabuseFire - [ { date: '05/05/2017',
    title: 'Free Screening | Anthony Bourdain: Parts Unknown',
    url: 'http://www.lacma.org/event/anthony-bourdain-parts-unknown',
    time: '07:30 PM',
    timeDate: [ '7:30 PM', 'Fri, May 5, 2017', 'Bing Theater' ] },
  { date: '05/09/2017',
    title: 'Madame Du Barry',
    url: 'http://www.lacma.org/event/madame-du-barry',
    time: '01:00 PM',
    timeDate: [ '1:00 PM', 'Tue, May 9, 2017', 'Bing Theater' ] },
  { date: '05/11/2017',
    title: 'Bring the Noise: Gulliver’s Travels with Live Music by Inc. No World',
    url: 'http://www.lacma.org/event/bring-noise-gulliver’s-travels',
    time: '07:30 PM',
    timeDate: [ '7:30 PM', 'Thu, May 11, 2017', 'Bing Theater' ] },
  { date: '05/16/2017',
    title: 'In Caliente',
    url: 'http://www.lacma.org/event/caliente',
    time: '01:00 PM',
    timeDate: [ '1:00 PM', 'Tue, May 16, 2017', 'Bing Theater' ] },
  { date: '05/18/2017',
    title: 'Free Screening | Breakable You',
    url: 'http://www.lacma.org/event/breakable-you',
    time: '07:30 PM',
    timeDate: [ '7:30 PM', 'Thu, May 18, 2017', 'Bing Theater' ] },
  { date: '05/23/2017',
    title: 'Journey into Fear',
    url: 'http://www.lacma.org/event/journey-fear-0',
    time: '01:00 PM',
    timeDate: [ '1:00 PM', 'Tue, May 23, 2017', 'Bing Theater' ] },
  { date: '05/26/2017',
    title: 'Free Members-Only Screening | Beatriz at Dinner',
    url: 'http://www.lacma.org/event/beatriz-dinner',
    time: '07:30 PM',
    timeDate: [ '7:30 PM', 'Fri, May 26, 2017', 'Bing Theater' ] },
  { date: '05/30/2017',
    title: 'The Fugitive',
    url: 'http://www.lacma.org/event/fugitive-0',
    time: '01:00 PM',
    timeDate: [ '1:00 PM', 'Tue, May 30, 2017', 'Bing Theater' ] },
  { date: '06/06/2017',
    title: 'Hannah and Her Sisters',
    url: 'http://www.lacma.org/event/hannah-and-her-sisters-0',
    time: '01:00 PM',
    timeDate: [ '1:00 PM', 'Tue, Jun 6, 2017', 'Bing Theater' ] },
  { date: '06/13/2017',
    title: 'Like Water for Chocolate',
    url: 'http://www.lacma.org/event/water-chocolate',
    time: '01:00 PM',
    timeDate: [ '1:00 PM', 'Tue, Jun 13, 2017', 'Bing Theater' ] } ]
[2017-05-05 17:38:36.236] [INFO] mabuseFire - ending Lacma Request/parse
